<?xml version="1.0" encoding="UTF-8"?>
<coverage generated="1549014665173" clover="3.2.0">
  <project timestamp="1549014665174" name="All files">
    <metrics statements="2" coveredstatements="2" conditionals="0" coveredconditionals="0" methods="2" coveredmethods="2" elements="4" coveredelements="4" complexity="0" loc="2" ncloc="2" packages="1" files="2" classes="2"/>
    <file name="add.js" path="G:\web project\test\src\components\add.js">
      <metrics statements="1" coveredstatements="1" conditionals="0" coveredconditionals="0" methods="1" coveredmethods="1"/>
      <line num="3" count="2" type="stmt"/>
    </file>
    <file name="multiply.js" path="G:\web project\test\src\components\multiply.js">
      <metrics statements="1" coveredstatements="1" conditionals="0" coveredconditionals="0" methods="1" coveredmethods="1"/>
      <line num="1" count="2" type="stmt"/>
    </file>
  </project>
</coverage>
