{"G:\\web project\\test\\src\\components\\add.js": {"path":"G:\\web project\\test\\src\\components\\add.js","statementMap":{"0":{"start":{"line":3,"column":25},"end":{"line":3,"column":30}}},"fnMap":{"0":{"name":"(anonymous_0)","decl":{"start":{"line":3,"column":15},"end":{"line":3,"column":16}},"loc":{"start":{"line":3,"column":25},"end":{"line":3,"column":30}},"line":3}},"branchMap":{},"s":{"0":2},"f":{"0":2},"b":{},"_coverageSchema":"43e27e138ebf9cfc5966b082cf9a028302ed4184","hash":"505ccae98c3383e0f16dc4ffe864319f1472307f"}
,"G:\\web project\\test\\src\\components\\multiply.js": {"path":"G:\\web project\\test\\src\\components\\multiply.js","statementMap":{"0":{"start":{"line":1,"column":25},"end":{"line":1,"column":30}}},"fnMap":{"0":{"name":"(anonymous_0)","decl":{"start":{"line":1,"column":15},"end":{"line":1,"column":16}},"loc":{"start":{"line":1,"column":25},"end":{"line":1,"column":30}},"line":1}},"branchMap":{},"s":{"0":2},"f":{"0":2},"b":{},"_coverageSchema":"43e27e138ebf9cfc5966b082cf9a028302ed4184","hash":"d19ad92f1236c823c435bd8bf5ebfe0238e91d0e"}
}
